final_project.py --ls a 2024-Sep-21 12:31:35
final_project.py --cd b 2024-Sep-21 12:31:44
final_project.py --ls absd : 2024-Sep-21 12:33:17
final_project.py --mkdir file : 2024-Sep-21 12:33:34
final_project.py --ls a : 2024-Sep-21 12:58:38
final_project.py --ls a : 2024-Sep-21 13:05:59
final_project.py --ls a : 2024-Sep-21 15:16:13
final_project.py --ls  : 2024-Sep-21 15:17:19
final_project.py --ls  : 2024-Sep-21 15:17:56
final_project.py : 2024-Sep-21 15:27:30
final_project.py --ls  : 2024-Sep-21 15:41:17
final_project.py : 2024-Sep-22 11:22:01
final_project.py --ls a : 2024-Sep-22 11:22:33
final_project.py --ls  : 2024-Sep-22 11:22:52
final_project.py : 2024-Sep-22 11:22:58
final_project.py --ls  : 2024-Sep-22 11:23:07
final_project.py --ls a : 2024-Sep-22 12:09:12
final_project.py --ls a : 2024-Sep-22 12:09:56
final_project.py --ls C:\Users\AFRA service\Desktop\python_2024 : 2024-Sep-22 12:11:11
final_project.py --ls C:\Users\AFRA service\Desktop\python_2024 : 2024-Sep-22 12:12:21
final_project.py --ls C:\Users\AFRA service\Desktop\python_2024 : 2024-Sep-22 12:19:51
final_project.py --ls C:\Users\AFRA service\Desktop\python_2024 : 2024-Sep-22 12:20:56
final_project.py --ls C:\Users\AFRA service\Desktop\python_2024 : 2024-Sep-22 12:25:57
final_project.py --ls C:\Users\AFRA service\Desktop\python_2024 : 2024-Sep-22 12:26:29
final_project.py --ls C:\Users\AFRA service\Desktop\python_2024\Exersice09&010 : 2024-Sep-22 12:28:53
final_project.py --ls C:\Users\AFRA service\Desktop\python_2024\Exersice09&010 : 2024-Sep-22 12:34:31
final_project.py --ls C:\Users\AFRA service\Desktop\python_2024\Exersice09&010 : 2024-Sep-22 12:37:30
final_project.py --ls C:\Users\AFRA service\Desktop\python_2024\Exersice09&010 : 2024-Sep-22 12:38:16
final_project.py --ls C:\Users\AFRA service\Desktop\python_2024\Exersice09&010 : 2024-Sep-22 12:40:20
final_project.py --ls \Desktop\Python_CLI_Tool : 2024-Sep-22 12:46:26
final_project.py --ls \Desktop\new : 2024-Sep-22 15:15:07
final_project.py --ls \Desktop\new : 2024-Sep-22 15:15:22
final_project.py --ls C:\Users\AFRA service\Desktop\new : 2024-Sep-22 15:16:22
final_project.py --ls C:\Users\AFRA service\Desktop\new : 2024-Sep-22 17:46:14
final_project.py --ls C:\Users\AFRA service\Desktop\new : 2024-Sep-22 17:47:36
final_project.py --ls C:\Users\AFRA service\Desktop\new : 2024-Sep-22 17:48:02
final_project.py --ls C:\Users\AFRA service\Desktop\new : 2024-Sep-22 17:59:23
final_project.py --ls C:\Users\AFRA service\Desktop\new : 2024-Sep-22 18:06:12
